  Balance.cpp
  Customer.cpp
C:\Users\rmvei\Desktop\New folder\CSC300_Project_Week4\Customer.cpp(9,1): error C2143: syntax error: missing ';' before '}'
C:\Users\rmvei\Desktop\New folder\CSC300_Project_Week4\Customer.cpp(12,1): error C2556: 'std::string Customer::toString(void)': overloaded function differs only by return type from 'void Customer::toString(void)'
C:\Users\rmvei\Desktop\New folder\CSC300_Project_Week4\Customer.h(12): message : see declaration of 'Customer::toString'
C:\Users\rmvei\Desktop\New folder\CSC300_Project_Week4\Customer.cpp(11,18): error C2371: 'Customer::toString': redefinition; different basic types
C:\Users\rmvei\Desktop\New folder\CSC300_Project_Week4\Customer.h(12): message : see declaration of 'Customer::toString'
C:\Users\rmvei\Desktop\New folder\CSC300_Project_Week4\Customer.cpp(13,23): error C2079: 'customer' uses undefined class 'std::basic_stringstream<char,std::char_traits<char>,std::allocator<char>>'
C:\Users\rmvei\Desktop\New folder\CSC300_Project_Week4\Customer.cpp(14,24): error C2297: '<<': illegal, right operand has type 'const char [9]'
C:\Users\rmvei\Desktop\New folder\CSC300_Project_Week4\Customer.cpp(14,11): warning C4552: '<<': result of expression not used
  Employee.cpp
C:\Users\rmvei\Desktop\New folder\CSC300_Project_Week4\Employee.cpp(15,1): error C2511: 'void Employee::setName(void)': overloaded member function not found in 'Employee'
C:\Users\rmvei\Desktop\New folder\CSC300_Project_Week4\Employee.h(8): message : see declaration of 'Employee'
C:\Users\rmvei\Desktop\New folder\CSC300_Project_Week4\Employee.cpp(16,2): error C2671: 'Employee::setName': static member functions do not have 'this' pointers
C:\Users\rmvei\Desktop\New folder\CSC300_Project_Week4\Employee.cpp(20,1): error C2511: 'void Employee::setEmployeeID(void)': overloaded member function not found in 'Employee'
C:\Users\rmvei\Desktop\New folder\CSC300_Project_Week4\Employee.h(8): message : see declaration of 'Employee'
C:\Users\rmvei\Desktop\New folder\CSC300_Project_Week4\Employee.cpp(21,2): error C2671: 'Employee::setEmployeeID': static member functions do not have 'this' pointers
C:\Users\rmvei\Desktop\New folder\CSC300_Project_Week4\Employee.cpp(25,1): error C2511: 'void Employee::setPosition(void)': overloaded member function not found in 'Employee'
C:\Users\rmvei\Desktop\New folder\CSC300_Project_Week4\Employee.h(8): message : see declaration of 'Employee'
C:\Users\rmvei\Desktop\New folder\CSC300_Project_Week4\Employee.cpp(26,2): error C2671: 'Employee::setPosition': static member functions do not have 'this' pointers
C:\Users\rmvei\Desktop\New folder\CSC300_Project_Week4\Employee.cpp(30,1): error C2511: 'void Employee::setAddress(void)': overloaded member function not found in 'Employee'
C:\Users\rmvei\Desktop\New folder\CSC300_Project_Week4\Employee.h(8): message : see declaration of 'Employee'
C:\Users\rmvei\Desktop\New folder\CSC300_Project_Week4\Employee.cpp(31,2): error C2671: 'Employee::setAddress': static member functions do not have 'this' pointers
C:\Users\rmvei\Desktop\New folder\CSC300_Project_Week4\Employee.cpp(35,1): error C2511: 'void Employee::setPhone(void)': overloaded member function not found in 'Employee'
C:\Users\rmvei\Desktop\New folder\CSC300_Project_Week4\Employee.h(8): message : see declaration of 'Employee'
C:\Users\rmvei\Desktop\New folder\CSC300_Project_Week4\Employee.cpp(36,2): error C2671: 'Employee::setPhone': static member functions do not have 'this' pointers
C:\Users\rmvei\Desktop\New folder\CSC300_Project_Week4\Employee.cpp(40,1): error C2511: 'void Employee::setEmail(void)': overloaded member function not found in 'Employee'
C:\Users\rmvei\Desktop\New folder\CSC300_Project_Week4\Employee.h(8): message : see declaration of 'Employee'
C:\Users\rmvei\Desktop\New folder\CSC300_Project_Week4\Employee.cpp(41,2): error C2671: 'Employee::setEmail': static member functions do not have 'this' pointers
C:\Users\rmvei\Desktop\New folder\CSC300_Project_Week4\Employee.cpp(46,23): error C2079: 'employee' uses undefined class 'std::basic_stringstream<char,std::char_traits<char>,std::allocator<char>>'
C:\Users\rmvei\Desktop\New folder\CSC300_Project_Week4\Employee.cpp(47,24): error C2297: '<<': illegal, right operand has type 'const char [9]'
C:\Users\rmvei\Desktop\New folder\CSC300_Project_Week4\Employee.cpp(47,11): warning C4552: '<<': result of expression not used
  Inventory.cpp
  Receipt.cpp
  Store.cpp
C:\Users\rmvei\Desktop\New folder\CSC300_Project_Week4\Store.cpp(12,1): error C2511: 'void Store::setName(void)': overloaded member function not found in 'Store'
C:\Users\rmvei\Desktop\New folder\CSC300_Project_Week4\Store.h(8): message : see declaration of 'Store'
C:\Users\rmvei\Desktop\New folder\CSC300_Project_Week4\Store.cpp(13,2): error C2671: 'Store::setName': static member functions do not have 'this' pointers
C:\Users\rmvei\Desktop\New folder\CSC300_Project_Week4\Store.cpp(17,1): error C2511: 'void Store::setLocation(void)': overloaded member function not found in 'Store'
C:\Users\rmvei\Desktop\New folder\CSC300_Project_Week4\Store.h(8): message : see declaration of 'Store'
C:\Users\rmvei\Desktop\New folder\CSC300_Project_Week4\Store.cpp(18,2): error C2671: 'Store::setLocation': static member functions do not have 'this' pointers
C:\Users\rmvei\Desktop\New folder\CSC300_Project_Week4\Store.cpp(18,21): error C2065: 'employeeID': undeclared identifier
C:\Users\rmvei\Desktop\New folder\CSC300_Project_Week4\Store.cpp(22,1): error C2511: 'void Store::setHours(void)': overloaded member function not found in 'Store'
C:\Users\rmvei\Desktop\New folder\CSC300_Project_Week4\Store.h(8): message : see declaration of 'Store'
C:\Users\rmvei\Desktop\New folder\CSC300_Project_Week4\Store.cpp(23,2): error C2671: 'Store::setHours': static member functions do not have 'this' pointers
C:\Users\rmvei\Desktop\New folder\CSC300_Project_Week4\Store.cpp(23,19): error C2065: 'position': undeclared identifier
C:\Users\rmvei\Desktop\New folder\CSC300_Project_Week4\Store.cpp(28,20): error C2079: 'store' uses undefined class 'std::basic_stringstream<char,std::char_traits<char>,std::allocator<char>>'
C:\Users\rmvei\Desktop\New folder\CSC300_Project_Week4\Store.cpp(29,18): error C2297: '<<': illegal, right operand has type 'const char [6]'
C:\Users\rmvei\Desktop\New folder\CSC300_Project_Week4\Store.cpp(29,8): warning C4552: '<<': result of expression not used
  Generating Code...
C:\Users\rmvei\Desktop\New folder\CSC300_Project_Week4\Balance.cpp(18): error C4716: 'Balance::calculateTotal': must return a value
